<?xml version="1.0" encoding="UTF-8"?>
<!-- Generated by org.testng.reporters.JUnitReportReporter -->
<testsuite hostname="Tharani-PC" failures="0" tests="2" name="com.testing.attributes.Invocation_Count_Task" time="2.146" errors="0" timestamp="2022-11-19T15:04:49 SAST" skipped="0">
  <testcase classname="com.testing.attributes.Invocation_Count_Task" name="login" time="1.356"/>
  <system-out/>
  <testcase classname="com.testing.attributes.Invocation_Count_Task" name="login" time="0.790"/>
  <system-out/>
</testsuite> <!-- com.testing.attributes.Invocation_Count_Task -->
