<?xml version="1.0" encoding="UTF-8"?>
<!-- Generated by org.testng.reporters.JUnitReportReporter -->
<testsuite hostname="Tharani-PC" failures="0" tests="1" name="com.testing.attributes.Annotations" time="0.013" errors="0" timestamp="2022-11-12T08:32:06 SAST" skipped="0">
  <testcase classname="com.testing.attributes.Annotations" name="eveningDress" time="0.013"/>
  <system-out/>
</testsuite> <!-- com.testing.attributes.Annotations -->
