<?xml version="1.0" encoding="UTF-8"?>
<!-- Generated by org.testng.reporters.JUnitReportReporter -->
<testsuite hostname="Tharani-PC" failures="0" tests="3" name="com.datadriven.dataprovide.Data_Parsing_Read_All_Data" time="0.161" errors="0" timestamp="2022-11-25T18:05:27 SAST" skipped="0">
  <testcase classname="com.datadriven.dataprovide.Data_Parsing_Read_All_Data" name="adactin" time="0.014"/>
  <system-out/>
  <testcase classname="com.datadriven.dataprovide.Data_Parsing_Read_All_Data" name="adactin" time="0.009"/>
  <system-out/>
  <testcase classname="com.datadriven.dataprovide.Data_Parsing_Read_All_Data" name="adactin" time="0.138"/>
  <system-out/>
</testsuite> <!-- com.datadriven.dataprovide.Data_Parsing_Read_All_Data -->
