<?xml version="1.0" encoding="UTF-8"?>
<!-- Generated by org.testng.reporters.JUnitReportReporter -->
<testsuite hostname="Tharani-PC" failures="0" tests="2" name="com.testing.attributes.Passing_Single_Data_Param" time="0.113" errors="0" timestamp="2022-11-21T17:25:01 SAST" skipped="0">
  <testcase classname="com.testing.attributes.Passing_Single_Data_Param" name="credentials_Login" time="0.108"/>
  <system-out/>
  <testcase classname="com.testing.attributes.Passing_Single_Data_Param" name="surNames" time="0.005"/>
  <system-out/>
</testsuite> <!-- com.testing.attributes.Passing_Single_Data_Param -->
