<?xml version="1.0" encoding="UTF-8"?>
<!-- Generated by org.testng.reporters.JUnitReportReporter -->
<testsuite hostname="Tharani-PC" failures="0" tests="6" name="com.testing.attributes.Data_Parsing" time="0.138" errors="0" timestamp="2022-11-18T12:15:40 SAST" skipped="0">
  <testcase classname="com.testing.attributes.Data_Parsing" name="insta_Login" time="0.005"/>
  <system-out/>
  <testcase classname="com.testing.attributes.Data_Parsing" name="fb_Login" time="0.013"/>
  <system-out/>
  <testcase classname="com.testing.attributes.Data_Parsing" name="fb_Login" time="0.097"/>
  <system-out/>
  <testcase classname="com.testing.attributes.Data_Parsing" name="insta_Login" time="0.008"/>
  <system-out/>
  <testcase classname="com.testing.attributes.Data_Parsing" name="insta_Login" time="0.011"/>
  <system-out/>
  <testcase classname="com.testing.attributes.Data_Parsing" name="fb_Login" time="0.004"/>
  <system-out/>
</testsuite> <!-- com.testing.attributes.Data_Parsing -->
