<?xml version="1.0" encoding="UTF-8"?>
<!-- Generated by org.testng.reporters.JUnitReportReporter -->
<testsuite hostname="Tharani-PC" failures="0" tests="2" name="com.testing.attributes.Parallel_Runner" time="8.953" errors="0" timestamp="2022-11-18T12:17:59 SAST" skipped="0">
  <testcase classname="com.testing.attributes.Parallel_Runner" name="fb" time="3.395"/>
  <system-out/>
  <testcase classname="com.testing.attributes.Parallel_Runner" name="insta" time="5.558"/>
  <system-out/>
</testsuite> <!-- com.testing.attributes.Parallel_Runner -->
