<?xml version="1.0" encoding="UTF-8"?>
<!-- Generated by org.testng.reporters.JUnitReportReporter -->
<testsuite hostname="Tharani-PC" failures="0" tests="4" name="com.testing.attributes.Invocationcount_Fb" time="4.376" errors="0" timestamp="2022-11-18T12:00:32 SAST" skipped="0">
  <testcase classname="com.testing.attributes.Invocationcount_Fb" name="browser_Launch" time="3.283"/>
  <system-out/>
  <testcase classname="com.testing.attributes.Invocationcount_Fb" name="email" time="0.794"/>
  <system-out/>
  <testcase classname="com.testing.attributes.Invocationcount_Fb" name="password" time="0.204"/>
  <system-out/>
  <testcase classname="com.testing.attributes.Invocationcount_Fb" name="loginBtn" time="0.095"/>
  <system-out/>
</testsuite> <!-- com.testing.attributes.Invocationcount_Fb -->
