<?xml version="1.0" encoding="UTF-8"?>
<!-- Generated by org.testng.reporters.JUnitReportReporter -->
<testsuite hostname="Tharani-PC" failures="0" tests="6" name="com.testing.attributes.Features_Invocation_Fb" time="2.641" errors="0" timestamp="2022-11-14T16:51:51 SAST" skipped="0">
  <testcase classname="com.testing.attributes.Features_Invocation_Fb" name="browser_Launch" time="1.341"/>
  <system-out/>
  <testcase classname="com.testing.attributes.Features_Invocation_Fb" name="page_Refresh" time="0.960"/>
  <system-out/>
  <testcase classname="com.testing.attributes.Features_Invocation_Fb" name="page_Refresh" time="0.017"/>
  <system-out/>
  <testcase classname="com.testing.attributes.Features_Invocation_Fb" name="email" time="0.141"/>
  <system-out/>
  <testcase classname="com.testing.attributes.Features_Invocation_Fb" name="password" time="0.105"/>
  <system-out/>
  <testcase classname="com.testing.attributes.Features_Invocation_Fb" name="loginBtn" time="0.077"/>
  <system-out/>
</testsuite> <!-- com.testing.attributes.Features_Invocation_Fb -->
