<?xml version="1.0" encoding="UTF-8"?>
<!-- Generated by org.testng.reporters.JUnitReportReporter -->
<testsuite hostname="Tharani-PC" failures="0" tests="3" name="com.testng.annotations.testng_annotaions_fb" time="10.229" errors="0" timestamp="2022-11-14T16:31:38 SAST" skipped="0">
  <testcase classname="com.testng.annotations.testng_annotaions_fb" name="email" time="0.804"/>
  <system-out/>
  <testcase classname="com.testng.annotations.testng_annotaions_fb" name="loginBtn" time="2.026"/>
  <system-out/>
  <testcase classname="com.testng.annotations.testng_annotaions_fb" name="password" time="7.399"/>
  <system-out/>
</testsuite> <!-- com.testng.annotations.testng_annotaions_fb -->
