<?xml version="1.0" encoding="UTF-8"?>
<!-- Generated by org.testng.reporters.JUnitReportReporter -->
<testsuite hostname="Tharani-PC" failures="0" tests="2" name="com.testing.attributes.Group_Fb" time="0.371" errors="0" timestamp="2022-11-15T09:09:36 SAST" skipped="0">
  <testcase classname="com.testing.attributes.Group_Fb" name="email" time="0.175"/>
  <system-out/>
  <testcase classname="com.testing.attributes.Group_Fb" name="password" time="0.196"/>
  <system-out/>
</testsuite> <!-- com.testing.attributes.Group_Fb -->
