<?xml version="1.0" encoding="UTF-8"?>
<!-- Generated by org.testng.reporters.JUnitReportReporter -->
<testsuite hostname="Tharani-PC" failures="0" tests="3" name="com.testing.attributes.Priority_Fb" time="0.358" errors="0" timestamp="2022-11-15T08:07:50 SAST" skipped="0">
  <testcase classname="com.testing.attributes.Priority_Fb" name="email" time="0.151"/>
  <system-out/>
  <testcase classname="com.testing.attributes.Priority_Fb" name="password" time="0.127"/>
  <system-out/>
  <testcase classname="com.testing.attributes.Priority_Fb" name="loginBtn" time="0.080"/>
  <system-out/>
</testsuite> <!-- com.testing.attributes.Priority_Fb -->
