<?xml version="1.0" encoding="UTF-8"?>
<!-- Generated by org.testng.reporters.JUnitReportReporter -->
<testsuite hostname="Tharani-PC" failures="0" tests="3" name="com.testing.attributes.Features_Invocation_Timeout_Demo" time="0.020" errors="0" timestamp="2022-11-14T15:44:47 SAST" skipped="0">
  <testcase classname="com.testing.attributes.Features_Invocation_Timeout_Demo" name="gradeRR" time="0.010"/>
  <system-out/>
  <testcase classname="com.testing.attributes.Features_Invocation_Timeout_Demo" name="gradeR" time="0.001"/>
  <system-out/>
  <testcase classname="com.testing.attributes.Features_Invocation_Timeout_Demo" name="grade1" time="0.009"/>
  <system-out/>
</testsuite> <!-- com.testing.attributes.Features_Invocation_Timeout_Demo -->
