<?xml version="1.0" encoding="UTF-8"?>
<!-- Generated by org.testng.reporters.JUnitReportReporter -->
<testsuite hostname="Tharani-PC" failures="0" tests="2" name="com.testing.attributes.Group_Of_Groups_Fb" time="0.245" errors="0" timestamp="2022-11-16T07:52:31 SAST" skipped="0">
  <testcase classname="com.testing.attributes.Group_Of_Groups_Fb" name="email" time="0.135"/>
  <system-out/>
  <testcase classname="com.testing.attributes.Group_Of_Groups_Fb" name="password" time="0.110"/>
  <system-out/>
</testsuite> <!-- com.testing.attributes.Group_Of_Groups_Fb -->
