<?xml version="1.0" encoding="UTF-8"?>
<!-- Generated by org.testng.reporters.JUnitReportReporter -->
<testsuite hostname="Tharani-PC" failures="0" tests="3" name="com.testing.attributes.Always_Rn_Fb" time="0.591" errors="0" timestamp="2022-11-18T11:44:14 SAST" skipped="0">
  <testcase classname="com.testing.attributes.Always_Rn_Fb" name="email" time="0.294"/>
  <system-out/>
  <testcase classname="com.testing.attributes.Always_Rn_Fb" name="password" time="0.194"/>
  <system-out/>
  <testcase classname="com.testing.attributes.Always_Rn_Fb" name="loginBtn" time="0.103"/>
  <system-out/>
</testsuite> <!-- com.testing.attributes.Always_Rn_Fb -->
