<?xml version="1.0" encoding="UTF-8"?>
<!-- Generated by org.testng.reporters.JUnitReportReporter -->
<testsuite hostname="Tharani-PC" failures="0" tests="11" name="com.testng.adactin.Adactin_With_Testng_Attributes" time="17.540" errors="0" timestamp="2022-11-21T17:25:59 SAST" skipped="0">
  <testcase classname="com.testng.adactin.Adactin_With_Testng_Attributes" name="login_Details_1" time="1.717"/>
  <system-out/>
  <testcase classname="com.testng.adactin.Adactin_With_Testng_Attributes" name="search_Hotel_1" time="1.816"/>
  <system-out/>
  <testcase classname="com.testng.adactin.Adactin_With_Testng_Attributes" name="select_Hotel_1" time="1.332"/>
  <system-out/>
  <testcase classname="com.testng.adactin.Adactin_With_Testng_Attributes" name="book_A_Hotel_1" time="0.850"/>
  <system-out/>
  <testcase classname="com.testng.adactin.Adactin_With_Testng_Attributes" name="booking_Confirmation_Page_1" time="4.143"/>
  <system-out/>
  <testcase classname="com.testng.adactin.Adactin_With_Testng_Attributes" name="login_Again" time="0.539"/>
  <system-out/>
  <testcase classname="com.testng.adactin.Adactin_With_Testng_Attributes" name="login_Details_2" time="1.144"/>
  <system-out/>
  <testcase classname="com.testng.adactin.Adactin_With_Testng_Attributes" name="search_Hotel_2" time="1.369"/>
  <system-out/>
  <testcase classname="com.testng.adactin.Adactin_With_Testng_Attributes" name="select_Hotel_2" time="0.620"/>
  <system-out/>
  <testcase classname="com.testng.adactin.Adactin_With_Testng_Attributes" name="book_A_Hotel_2" time="0.877"/>
  <system-out/>
  <testcase classname="com.testng.adactin.Adactin_With_Testng_Attributes" name="booking_Confirmation_Page_2" time="3.133"/>
  <system-out/>
</testsuite> <!-- com.testng.adactin.Adactin_With_Testng_Attributes -->
