<?xml version="1.0" encoding="UTF-8"?>
<!-- Generated by org.testng.reporters.JUnitReportReporter -->
<testsuite hostname="Tharani-PC" failures="0" tests="3" name="com.testing.attributes.Enabled_Fb" time="0.285" errors="0" timestamp="2022-11-15T09:13:48 SAST" skipped="1">
  <testcase classname="com.testing.attributes.Enabled_Fb" name="password" time="0.130"/>
  <system-out/>
  <testcase classname="com.testing.attributes.Enabled_Fb" name="email" time="0.155"/>
  <system-out/>
  <testcase classname="com.testing.attributes.Enabled_Fb" name="loginBtn">
    <skipped/>
  </testcase> <!-- loginBtn -->
  <system-out/>
</testsuite> <!-- com.testing.attributes.Enabled_Fb -->
