<?xml version="1.0" encoding="UTF-8"?>
<!-- Generated by org.testng.reporters.JUnitReportReporter -->
<testsuite hostname="Tharani-PC" failures="0" tests="3" name="com.testing.attributes.Features_Priority_Demo" time="0.015" errors="0" timestamp="2022-11-14T15:29:37 SAST" skipped="0">
  <testcase classname="com.testing.attributes.Features_Priority_Demo" name="gradeRR" time="0.010"/>
  <system-out/>
  <testcase classname="com.testing.attributes.Features_Priority_Demo" name="gradeR" time="0.003"/>
  <system-out/>
  <testcase classname="com.testing.attributes.Features_Priority_Demo" name="grade1" time="0.002"/>
  <system-out/>
</testsuite> <!-- com.testing.attributes.Features_Priority_Demo -->
