<?xml version="1.0" encoding="UTF-8"?>
<!-- Generated by org.testng.reporters.JUnitReportReporter -->
<testsuite hostname="Tharani-PC" failures="0" tests="3" name="com.testing.attributes.Features_Priority_Fb" time="0.346" errors="0" timestamp="2022-11-14T16:43:22 SAST" skipped="0">
  <testcase classname="com.testing.attributes.Features_Priority_Fb" name="email" time="0.140"/>
  <system-out/>
  <testcase classname="com.testing.attributes.Features_Priority_Fb" name="password" time="0.135"/>
  <system-out/>
  <testcase classname="com.testing.attributes.Features_Priority_Fb" name="loginBtn" time="0.071"/>
  <system-out/>
</testsuite> <!-- com.testing.attributes.Features_Priority_Fb -->
