<?xml version="1.0" encoding="UTF-8"?>
<!-- Generated by org.testng.reporters.JUnitReportReporter -->
<testsuite hostname="Tharani-PC" failures="0" tests="3" name="com.testing.attributes.Dependency_Fb" time="0.349" errors="0" timestamp="2022-11-18T11:47:47 SAST" skipped="0">
  <testcase classname="com.testing.attributes.Dependency_Fb" name="email" time="0.125"/>
  <system-out/>
  <testcase classname="com.testing.attributes.Dependency_Fb" name="password" time="0.137"/>
  <system-out/>
  <testcase classname="com.testing.attributes.Dependency_Fb" name="loginBtn" time="0.087"/>
  <system-out/>
</testsuite> <!-- com.testing.attributes.Dependency_Fb -->
