<?xml version="1.0" encoding="UTF-8"?>
<!-- Generated by org.testng.reporters.JUnitReportReporter -->
<testsuite hostname="Tharani-PC" failures="0" tests="6" name="com.testing.attributes.DP_Runner" time="0.133" errors="0" timestamp="2022-11-18T12:17:29 SAST" skipped="0">
  <testcase classname="com.testing.attributes.DP_Runner" name="login" time="0.004"/>
  <system-out/>
  <testcase classname="com.testing.attributes.DP_Runner" name="login" time="0.088"/>
  <system-out/>
  <testcase classname="com.testing.attributes.DP_Runner" name="login" time="0.007"/>
  <system-out/>
  <testcase classname="com.testing.attributes.DP_Runner" name="address" time="0.021"/>
  <system-out/>
  <testcase classname="com.testing.attributes.DP_Runner" name="address" time="0.004"/>
  <system-out/>
  <testcase classname="com.testing.attributes.DP_Runner" name="address" time="0.009"/>
  <system-out/>
</testsuite> <!-- com.testing.attributes.DP_Runner -->
