<?xml version="1.0" encoding="UTF-8"?>
<!-- Generated by org.testng.reporters.JUnitReportReporter -->
<testsuite hostname="Tharani-PC" failures="0" tests="3" name="com.testing.attributes.Features_Invocation_Demo" time="0.016" errors="0" timestamp="2022-11-14T15:36:22 SAST" skipped="0">
  <testcase classname="com.testing.attributes.Features_Invocation_Demo" name="browser_Launch" time="0.010"/>
  <system-out/>
  <testcase classname="com.testing.attributes.Features_Invocation_Demo" name="url_Launch" time="0.004"/>
  <system-out/>
  <testcase classname="com.testing.attributes.Features_Invocation_Demo" name="url_Launch" time="0.002"/>
  <system-out/>
</testsuite> <!-- com.testing.attributes.Features_Invocation_Demo -->
